<?xml version="1.0" encoding="UTF-8"?>
<!-- Generated by org.testng.reporters.JUnitReportReporter -->
<testsuite skipped="0" hostname="DESKTOP-QN6CF8Q" name="datadriven.NewTest" tests="1" failures="0" timestamp="15 Oct 2019 12:11:48 GMT" time="9.042" errors="0">
  <testcase name="f" time="9.042" classname="datadriven.NewTest"/>
</testsuite> <!-- datadriven.NewTest -->
