<?xml version="1.0" encoding="UTF-8"?>
<!-- Generated by org.testng.reporters.JUnitReportReporter -->
<testsuite skipped="0" hostname="DESKTOP-QN6CF8Q" name="demo.NewTest4" tests="1" failures="0" timestamp="15 Oct 2019 12:24:09 GMT" time="0.000" errors="0">
  <testcase name="f" time="0.000" classname="demo.NewTest4"/>
</testsuite> <!-- demo.NewTest4 -->
