<?xml version="1.0" encoding="UTF-8"?>
<!-- Generated by org.testng.reporters.JUnitReportReporter -->
<testsuite skipped="0" hostname="DESKTOP-QN6CF8Q" name="demo.NewTest5" tests="2" failures="0" timestamp="15 Oct 2019 12:24:09 GMT" time="0.000" errors="0">
  <testcase name="rum" time="0.000" classname="demo.NewTest5"/>
  <testcase name="f" time="0.000" classname="demo.NewTest5"/>
</testsuite> <!-- demo.NewTest5 -->
