<?xml version="1.0" encoding="UTF-8"?>
<!-- Generated by org.testng.reporters.JUnitReportReporter -->
<testsuite skipped="0" hostname="DESKTOP-QN6CF8Q" name="testng.NewTest3" tests="1" failures="0" timestamp="04 Jul 2019 10:53:03 GMT" time="0.008" errors="0">
  <testcase name="f" time="0.008" classname="testng.NewTest3"/>
</testsuite> <!-- testng.NewTest3 -->
