<?xml version="1.0" encoding="UTF-8"?>
<!-- Generated by org.testng.reporters.JUnitReportReporter -->
<testsuite skipped="0" hostname="DESKTOP-QN6CF8Q" name="testng.NewTest1" tests="1" failures="0" timestamp="06 Jul 2019 11:12:13 GMT" time="0.006" errors="0">
  <testcase name="f3" time="0.006" classname="testng.NewTest1"/>
</testsuite> <!-- testng.NewTest1 -->
